core/build/intermediates/manifest_merge_blame_file/debug/manifest-merger-blame-debug-report.txt
1<?xml version="1.0" encoding="utf-8"?>
2<manifest xmlns:android="http://schemas.android.com/apk/res/android"
3    package="com.baidu.aip.asrwakeup3.core" >
4
5    <uses-sdk
6        android:minSdkVersion="16"
6-->src\main\AndroidManifest.xml
7        android:targetSdkVersion="28" />
7-->src\main\AndroidManifest.xml
8
9    <uses-permission android:name="android.permission.RECORD_AUDIO" />
9-->src\main\AndroidManifest.xml:2:5-71
9-->src\main\AndroidManifest.xml:2:22-68
10    <uses-permission android:name="android.permission.ACCESS_NETWORK_STATE" />
10-->src\main\AndroidManifest.xml:3:5-79
10-->src\main\AndroidManifest.xml:3:22-76
11    <uses-permission android:name="android.permission.INTERNET" />
11-->src\main\AndroidManifest.xml:4:5-67
11-->src\main\AndroidManifest.xml:4:22-64
12    <uses-permission android:name="android.permission.WRITE_EXTERNAL_STORAGE" />
12-->src\main\AndroidManifest.xml:5:5-81
12-->src\main\AndroidManifest.xml:5:22-78
13
14    <!-- 蓝牙录音使用，不需要可以去除 -->
15    <uses-permission android:name="android.permission.BROADCAST_STICKY" />
15-->src\main\AndroidManifest.xml:8:5-75
15-->src\main\AndroidManifest.xml:8:22-72
16    <uses-permission android:name="android.permission.BLUETOOTH" />
16-->src\main\AndroidManifest.xml:9:5-68
16-->src\main\AndroidManifest.xml:9:22-65
17    <uses-permission android:name="android.permission.MODIFY_AUDIO_SETTINGS" />
17-->src\main\AndroidManifest.xml:10:5-80
17-->src\main\AndroidManifest.xml:10:22-77
18    <uses-permission android:name="android.permission.BLUETOOTH_ADMIN" />
18-->src\main\AndroidManifest.xml:11:5-74
18-->src\main\AndroidManifest.xml:11:22-71
19
20    <application>
20-->src\main\AndroidManifest.xml:13:5-34:19
21
22        <!-- <meta-data -->
23        <!-- android:name="com.baidu.speech.APP_ID" -->
24        <!-- android:value="15590577"/> -->
25
26
27        <!-- <meta-data -->
28        <!-- android:name="com.baidu.speech.API_KEY" -->
29        <!-- android:value="q2uPyBe6LmWTZlvb0g1dzcHV"/> -->
30        <!-- <meta-data -->
31        <!-- android:name="com.baidu.speech.SECRET_KEY" -->
32        <!-- android:value="y7S7hAI894BB3LF1yHYmvQEus1B6wPvj"/> -->
33        <meta-data
33-->src\main\AndroidManifest.xml:24:9-26:39
34            android:name="com.baidu.speech.APP_ID"
34-->src\main\AndroidManifest.xml:25:13-51
35            android:value="24150135" />
35-->src\main\AndroidManifest.xml:26:13-37
36        <meta-data
36-->src\main\AndroidManifest.xml:28:9-30:55
37            android:name="com.baidu.speech.API_KEY"
37-->src\main\AndroidManifest.xml:29:13-52
38            android:value="asCfwkWBB9DH2GUEFb1v51w0" />
38-->src\main\AndroidManifest.xml:30:13-53
39        <meta-data
39-->src\main\AndroidManifest.xml:31:9-33:63
40            android:name="com.baidu.speech.SECRET_KEY"
40-->src\main\AndroidManifest.xml:32:13-55
41            android:value="bSzU3WQxn7p1mDKBtRq8Fp7d93902cjG" />
41-->src\main\AndroidManifest.xml:33:13-61
42    </application>
43
44</manifest>